# JRE version: OpenJDK Runtime Environment (11.0.13) (build 11.0.13+0-b1751.21-8125866)
# Java VM: OpenJDK 64-Bit Server VM (11.0.13+0-b1751.21-8125866, mixed mode, tiered, compressed oops, g1 gc, windows-amd64)
Heap:
 garbage-first heap   total 262144K, used 102493K [0x0000000080000000, 0x0000000100000000)
  region size 1024K, 32 young (32768K), 9 survivors (9216K)
 Metaspace       used 56832K, capacity 58519K, committed 58544K, reserved 1099776K
  class space    used 7311K, capacity 7924K, committed 7936K, reserved 1048576K
GC Heap History (14 events):
Event: 0.532 GC heap before
{Heap before GC invocations=0 (full 0):
 garbage-first heap   total 262144K, used 29696K [0x0000000080000000, 0x0000000100000000)
  region size 1024K, 24 young (24576K), 0 survivors (0K)
 Metaspace       used 10069K, capacity 10327K, committed 10624K, reserved 1058816K
  class space    used 1037K, capacity 1106K, committed 1152K, reserved 1048576K
}
Event: 0.535 GC heap after
{Heap after GC invocations=1 (full 0):
 garbage-first heap   total 262144K, used 9404K [0x0000000080000000, 0x0000000100000000)
  region size 1024K, 3 young (3072K), 3 survivors (3072K)
 Metaspace       used 10069K, capacity 10327K, committed 10624K, reserved 1058816K
  class space    used 1037K, capacity 1106K, committed 1152K, reserved 1048576K
}
Event: 2.341 GC heap before
{Heap before GC invocations=1 (full 0):
 garbage-first heap   total 262144K, used 110780K [0x0000000080000000, 0x0000000100000000)
  region size 1024K, 103 young (105472K), 3 survivors (3072K)
 Metaspace       used 20651K, capacity 21154K, committed 21296K, reserved 1069056K
  class space    used 2512K, capacity 2665K, committed 2688K, reserved 1048576K
}
Event: 2.350 GC heap after
{Heap after GC invocations=2 (full 0):
 garbage-first heap   total 262144K, used 17066K [0x0000000080000000, 0x0000000100000000)
  region size 1024K, 11 young (11264K), 11 survivors (11264K)
 Metaspace       used 20651K, capacity 21154K, committed 21296K, reserved 1069056K
  class space    used 2512K, capacity 2665K, committed 2688K, reserved 1048576K
}
Event: 2.562 GC heap before
{Heap before GC invocations=3 (full 0):
 garbage-first heap   total 262144K, used 43690K [0x0000000080000000, 0x0000000100000000)
  region size 1024K, 37 young (37888K), 11 survivors (11264K)
 Metaspace       used 22974K, capacity 23525K, committed 23856K, reserved 1071104K
  class space    used 2917K, capacity 3121K, committed 3200K, reserved 1048576K
}
Event: 2.567 GC heap after
{Heap after GC invocations=4 (full 0):
 garbage-first heap   total 262144K, used 17773K [0x0000000080000000, 0x0000000100000000)
  region size 1024K, 2 young (2048K), 2 survivors (2048K)
 Metaspace       used 22974K, capacity 23525K, committed 23856K, reserved 1071104K
  class space    used 2917K, capacity 3121K, committed 3200K, reserved 1048576K
}
Event: 3.483 GC heap before
{Heap before GC invocations=4 (full 0):
 garbage-first heap   total 262144K, used 136557K [0x0000000080000000, 0x0000000100000000)
  region size 1024K, 104 young (106496K), 2 survivors (2048K)
 Metaspace       used 32842K, capacity 33829K, committed 33968K, reserved 1079296K
  class space    used 4414K, capacity 4768K, committed 4864K, reserved 1048576K
}
Event: 3.487 GC heap after
{Heap after GC invocations=5 (full 0):
 garbage-first heap   total 262144K, used 39149K [0x0000000080000000, 0x0000000100000000)
  region size 1024K, 9 young (9216K), 9 survivors (9216K)
 Metaspace       used 32842K, capacity 33829K, committed 33968K, reserved 1079296K
  class space    used 4414K, capacity 4768K, committed 4864K, reserved 1048576K
}
Event: 3.639 GC heap before
{Heap before GC invocations=5 (full 0):
 garbage-first heap   total 262144K, used 47341K [0x0000000080000000, 0x0000000100000000)
  region size 1024K, 18 young (18432K), 9 survivors (9216K)
 Metaspace       used 34555K, capacity 35547K, committed 35632K, reserved 1079296K
  class space    used 4588K, capacity 4935K, committed 4992K, reserved 1048576K
}
Event: 3.645 GC heap after
{Heap after GC invocations=6 (full 0):
 garbage-first heap   total 262144K, used 39812K [0x0000000080000000, 0x0000000100000000)
  region size 1024K, 9 young (9216K), 9 survivors (9216K)
 Metaspace       used 34555K, capacity 35547K, committed 35632K, reserved 1079296K
  class space    used 4588K, capacity 4935K, committed 4992K, reserved 1048576K
}
Event: 5.211 GC heap before
{Heap before GC invocations=7 (full 0):
 garbage-first heap   total 262144K, used 202628K [0x0000000080000000, 0x0000000100000000)
  region size 1024K, 153 young (156672K), 9 survivors (9216K)
 Metaspace       used 49198K, capacity 50469K, committed 50736K, reserved 1093632K
  class space    used 6270K, capacity 6767K, committed 6784K, reserved 1048576K
}
Event: 5.224 GC heap after
{Heap after GC invocations=8 (full 0):
 garbage-first heap   total 262144K, used 64202K [0x0000000080000000, 0x0000000100000000)
  region size 1024K, 20 young (20480K), 20 survivors (20480K)
 Metaspace       used 49198K, capacity 50469K, committed 50736K, reserved 1093632K
  class space    used 6270K, capacity 6767K, committed 6784K, reserved 1048576K
}
Event: 6.554 GC heap before
{Heap before GC invocations=8 (full 0):
 garbage-first heap   total 262144K, used 198346K [0x0000000080000000, 0x0000000100000000)
  region size 1024K, 147 young (150528K), 20 survivors (20480K)
 Metaspace       used 56416K, capacity 58096K, committed 58288K, reserved 1099776K
  class space    used 7280K, capacity 7871K, committed 7936K, reserved 1048576K
}
Event: 6.569 GC heap after
{Heap after GC invocations=9 (full 0):
 garbage-first heap   total 262144K, used 77917K [0x0000000080000000, 0x0000000100000000)
  region size 1024K, 9 young (9216K), 9 survivors (9216K)
 Metaspace       used 56416K, capacity 58096K, committed 58288K, reserved 1099776K
  class space    used 7280K, capacity 7871K, committed 7936K, reserved 1048576K
}

