# JRE version: OpenJDK Runtime Environment (11.0.13) (build 11.0.13+0-b1751.21-8125866)
# Java VM: OpenJDK 64-Bit Server VM (11.0.13+0-b1751.21-8125866, mixed mode, tiered, compressed oops, g1 gc, windows-amd64)
Heap:
 garbage-first heap   total 500736K, used 202157K [0x0000000080000000, 0x0000000100000000)
  region size 1024K, 4 young (4096K), 4 survivors (4096K)
 Metaspace       used 131197K, capacity 135915K, committed 136400K, reserved 1167360K
  class space    used 16316K, capacity 18014K, committed 18176K, reserved 1048576K
GC Heap History (20 events):
Event: 5260.466 GC heap after
{Heap after GC invocations=37 (full 0):
 garbage-first heap   total 262144K, used 126306K [0x0000000080000000, 0x0000000100000000)
  region size 1024K, 2 young (2048K), 2 survivors (2048K)
 Metaspace       used 127913K, capacity 132512K, committed 133328K, reserved 1165312K
  class space    used 16025K, capacity 17706K, committed 17920K, reserved 1048576K
}
Event: 5260.663 GC heap before
{Heap before GC invocations=37 (full 0):
 garbage-first heap   total 262144K, used 183650K [0x0000000080000000, 0x0000000100000000)
  region size 1024K, 59 young (60416K), 2 survivors (2048K)
 Metaspace       used 128809K, capacity 133383K, committed 134096K, reserved 1165312K
  class space    used 16087K, capacity 17739K, committed 17920K, reserved 1048576K
}
Event: 5260.668 GC heap after
{Heap after GC invocations=38 (full 0):
 garbage-first heap   total 262144K, used 127321K [0x0000000080000000, 0x0000000100000000)
  region size 1024K, 3 young (3072K), 3 survivors (3072K)
 Metaspace       used 128809K, capacity 133383K, committed 134096K, reserved 1165312K
  class space    used 16087K, capacity 17739K, committed 17920K, reserved 1048576K
}
Event: 5260.893 GC heap before
{Heap before GC invocations=39 (full 0):
 garbage-first heap   total 262144K, used 167257K [0x0000000080000000, 0x0000000100000000)
  region size 1024K, 65 young (66560K), 3 survivors (3072K)
 Metaspace       used 129918K, capacity 134499K, committed 135248K, reserved 1167360K
  class space    used 16198K, capacity 17854K, committed 18048K, reserved 1048576K
}
Event: 5260.899 GC heap after
{Heap after GC invocations=40 (full 0):
 garbage-first heap   total 262144K, used 111146K [0x0000000080000000, 0x0000000100000000)
  region size 1024K, 9 young (9216K), 9 survivors (9216K)
 Metaspace       used 129918K, capacity 134499K, committed 135248K, reserved 1167360K
  class space    used 16198K, capacity 17854K, committed 18048K, reserved 1048576K
}
Event: 5260.904 GC heap before
{Heap before GC invocations=40 (full 0):
 garbage-first heap   total 262144K, used 114218K [0x0000000080000000, 0x0000000100000000)
  region size 1024K, 12 young (12288K), 9 survivors (9216K)
 Metaspace       used 129922K, capacity 134563K, committed 135248K, reserved 1167360K
  class space    used 16198K, capacity 17854K, committed 18048K, reserved 1048576K
}
Event: 5260.912 GC heap after
{Heap after GC invocations=41 (full 0):
 garbage-first heap   total 262144K, used 101696K [0x0000000080000000, 0x0000000100000000)
  region size 1024K, 2 young (2048K), 2 survivors (2048K)
 Metaspace       used 129922K, capacity 134563K, committed 135248K, reserved 1167360K
  class space    used 16198K, capacity 17854K, committed 18048K, reserved 1048576K
}
Event: 5261.021 GC heap before
{Heap before GC invocations=41 (full 0):
 garbage-first heap   total 262144K, used 148800K [0x0000000080000000, 0x0000000100000000)
  region size 1024K, 33 young (33792K), 2 survivors (2048K)
 Metaspace       used 130169K, capacity 134874K, committed 135504K, reserved 1167360K
  class space    used 16211K, capacity 17891K, committed 18048K, reserved 1048576K
}
Event: 5261.028 GC heap after
{Heap after GC invocations=42 (full 0):
 garbage-first heap   total 262144K, used 123276K [0x0000000080000000, 0x0000000100000000)
  region size 1024K, 9 young (9216K), 9 survivors (9216K)
 Metaspace       used 130169K, capacity 134874K, committed 135504K, reserved 1167360K
  class space    used 16211K, capacity 17891K, committed 18048K, reserved 1048576K
}
Event: 5261.223 GC heap before
{Heap before GC invocations=43 (full 0):
 garbage-first heap   total 262144K, used 215436K [0x0000000080000000, 0x0000000100000000)
  region size 1024K, 77 young (78848K), 9 survivors (9216K)
 Metaspace       used 130259K, capacity 134953K, committed 135504K, reserved 1167360K
  class space    used 16212K, capacity 17893K, committed 18048K, reserved 1048576K
}
Event: 5261.238 GC heap after
{Heap after GC invocations=44 (full 0):
 garbage-first heap   total 262144K, used 150462K [0x0000000080000000, 0x0000000100000000)
  region size 1024K, 10 young (10240K), 10 survivors (10240K)
 Metaspace       used 130259K, capacity 134953K, committed 135504K, reserved 1167360K
  class space    used 16212K, capacity 17893K, committed 18048K, reserved 1048576K
}
Event: 5261.242 GC heap before
{Heap before GC invocations=44 (full 0):
 garbage-first heap   total 262144K, used 151486K [0x0000000080000000, 0x0000000100000000)
  region size 1024K, 12 young (12288K), 10 survivors (10240K)
 Metaspace       used 130259K, capacity 134953K, committed 135504K, reserved 1167360K
  class space    used 16212K, capacity 17893K, committed 18048K, reserved 1048576K
}
Event: 5261.255 GC heap after
{Heap after GC invocations=45 (full 0):
 garbage-first heap   total 262144K, used 143960K [0x0000000080000000, 0x0000000100000000)
  region size 1024K, 2 young (2048K), 2 survivors (2048K)
 Metaspace       used 130259K, capacity 134953K, committed 135504K, reserved 1167360K
  class space    used 16212K, capacity 17893K, committed 18048K, reserved 1048576K
}
Event: 5261.404 GC heap before
{Heap before GC invocations=45 (full 0):
 garbage-first heap   total 262144K, used 200280K [0x0000000080000000, 0x0000000100000000)
  region size 1024K, 56 young (57344K), 2 survivors (2048K)
 Metaspace       used 130792K, capacity 135504K, committed 136144K, reserved 1167360K
  class space    used 16270K, capacity 17971K, committed 18176K, reserved 1048576K
}
Event: 5261.420 GC heap after
{Heap after GC invocations=46 (full 0):
 garbage-first heap   total 262144K, used 166165K [0x0000000080000000, 0x0000000100000000)
  region size 1024K, 7 young (7168K), 7 survivors (7168K)
 Metaspace       used 130792K, capacity 135504K, committed 136144K, reserved 1167360K
  class space    used 16270K, capacity 17971K, committed 18176K, reserved 1048576K
}
Event: 5261.508 GC heap before
{Heap before GC invocations=46 (full 0):
 garbage-first heap   total 262144K, used 205077K [0x0000000080000000, 0x0000000100000000)
  region size 1024K, 45 young (46080K), 7 survivors (7168K)
 Metaspace       used 130942K, capacity 135655K, committed 136144K, reserved 1167360K
  class space    used 16280K, capacity 17976K, committed 18176K, reserved 1048576K
}
Event: 5261.523 GC heap after
{Heap after GC invocations=47 (full 0):
 garbage-first heap   total 262144K, used 182272K [0x0000000080000000, 0x0000000100000000)
  region size 1024K, 6 young (6144K), 6 survivors (6144K)
 Metaspace       used 130942K, capacity 135655K, committed 136144K, reserved 1167360K
  class space    used 16280K, capacity 17976K, committed 18176K, reserved 1048576K
}
Event: 5261.578 GC heap before
{Heap before GC invocations=47 (full 0):
 garbage-first heap   total 262144K, used 209920K [0x0000000080000000, 0x0000000100000000)
  region size 1024K, 34 young (34816K), 6 survivors (6144K)
 Metaspace       used 130982K, capacity 135724K, committed 136144K, reserved 1167360K
  class space    used 16280K, capacity 17976K, committed 18176K, reserved 1048576K
}
Event: 5261.588 GC heap after
{Heap after GC invocations=48 (full 0):
 garbage-first heap   total 262144K, used 192095K [0x0000000080000000, 0x0000000100000000)
  region size 1024K, 5 young (5120K), 5 survivors (5120K)
 Metaspace       used 130982K, capacity 135724K, committed 136144K, reserved 1167360K
  class space    used 16280K, capacity 17976K, committed 18176K, reserved 1048576K
}
Event: 5261.674 GC heap before
{Heap before GC invocations=49 (full 0):
 garbage-first heap   total 262144K, used 216671K [0x0000000080000000, 0x0000000100000000)
  region size 1024K, 28 young (28672K), 5 survivors (5120K)
 Metaspace       used 131197K, capacity 135915K, committed 136400K, reserved 1167360K
  class space    used 16316K, capacity 18014K, committed 18176K, reserved 1048576K
}

