# JRE version: OpenJDK Runtime Environment (11.0.13) (build 11.0.13+0-b1751.21-8125866)
# Java VM: OpenJDK 64-Bit Server VM (11.0.13+0-b1751.21-8125866, mixed mode, tiered, compressed oops, g1 gc, windows-amd64)
Heap:
 garbage-first heap   total 262144K, used 48702K [0x0000000080000000, 0x0000000100000000)
  region size 1024K, 14 young (14336K), 10 survivors (10240K)
 Metaspace       used 35705K, capacity 36718K, committed 36784K, reserved 1081344K
  class space    used 4659K, capacity 5073K, committed 5120K, reserved 1048576K
GC Heap History (10 events):
Event: 0.570 GC heap before
{Heap before GC invocations=0 (full 0):
 garbage-first heap   total 262144K, used 29696K [0x0000000080000000, 0x0000000100000000)
  region size 1024K, 24 young (24576K), 0 survivors (0K)
 Metaspace       used 10084K, capacity 10387K, committed 10624K, reserved 1058816K
  class space    used 1037K, capacity 1106K, committed 1152K, reserved 1048576K
}
Event: 0.574 GC heap after
{Heap after GC invocations=1 (full 0):
 garbage-first heap   total 262144K, used 9484K [0x0000000080000000, 0x0000000100000000)
  region size 1024K, 3 young (3072K), 3 survivors (3072K)
 Metaspace       used 10084K, capacity 10387K, committed 10624K, reserved 1058816K
  class space    used 1037K, capacity 1106K, committed 1152K, reserved 1048576K
}
Event: 2.495 GC heap before
{Heap before GC invocations=1 (full 0):
 garbage-first heap   total 262144K, used 110860K [0x0000000080000000, 0x0000000100000000)
  region size 1024K, 103 young (105472K), 3 survivors (3072K)
 Metaspace       used 20661K, capacity 21150K, committed 21296K, reserved 1069056K
  class space    used 2512K, capacity 2665K, committed 2688K, reserved 1048576K
}
Event: 2.503 GC heap after
{Heap after GC invocations=2 (full 0):
 garbage-first heap   total 262144K, used 17427K [0x0000000080000000, 0x0000000100000000)
  region size 1024K, 11 young (11264K), 11 survivors (11264K)
 Metaspace       used 20661K, capacity 21150K, committed 21296K, reserved 1069056K
  class space    used 2512K, capacity 2665K, committed 2688K, reserved 1048576K
}
Event: 2.704 GC heap before
{Heap before GC invocations=3 (full 0):
 garbage-first heap   total 262144K, used 36883K [0x0000000080000000, 0x0000000100000000)
  region size 1024K, 30 young (30720K), 11 survivors (11264K)
 Metaspace       used 22584K, capacity 23145K, committed 23472K, reserved 1069056K
  class space    used 2840K, capacity 3017K, committed 3072K, reserved 1048576K
}
Event: 2.710 GC heap after
{Heap after GC invocations=4 (full 0):
 garbage-first heap   total 262144K, used 18642K [0x0000000080000000, 0x0000000100000000)
  region size 1024K, 2 young (2048K), 2 survivors (2048K)
 Metaspace       used 22584K, capacity 23145K, committed 23472K, reserved 1069056K
  class space    used 2840K, capacity 3017K, committed 3072K, reserved 1048576K
}
Event: 3.699 GC heap before
{Heap before GC invocations=4 (full 0):
 garbage-first heap   total 262144K, used 121042K [0x0000000080000000, 0x0000000100000000)
  region size 1024K, 84 young (86016K), 2 survivors (2048K)
 Metaspace       used 30099K, capacity 30985K, committed 31152K, reserved 1077248K
  class space    used 3982K, capacity 4290K, committed 4352K, reserved 1048576K
}
Event: 3.704 GC heap after
{Heap after GC invocations=5 (full 0):
 garbage-first heap   total 262144K, used 44101K [0x0000000080000000, 0x0000000100000000)
  region size 1024K, 9 young (9216K), 9 survivors (9216K)
 Metaspace       used 30099K, capacity 30985K, committed 31152K, reserved 1077248K
  class space    used 3982K, capacity 4290K, committed 4352K, reserved 1048576K
}
Event: 4.177 GC heap before
{Heap before GC invocations=5 (full 0):
 garbage-first heap   total 262144K, used 79941K [0x0000000080000000, 0x0000000100000000)
  region size 1024K, 45 young (46080K), 9 survivors (9216K)
 Metaspace       used 34563K, capacity 35584K, committed 35632K, reserved 1079296K
  class space    used 4592K, capacity 4970K, committed 4992K, reserved 1048576K
}
Event: 4.185 GC heap after
{Heap after GC invocations=6 (full 0):
 garbage-first heap   total 262144K, used 45630K [0x0000000080000000, 0x0000000100000000)
  region size 1024K, 10 young (10240K), 10 survivors (10240K)
 Metaspace       used 34563K, capacity 35584K, committed 35632K, reserved 1079296K
  class space    used 4592K, capacity 4970K, committed 4992K, reserved 1048576K
}

